0 info it worked if it ends with ok
1 verbose cli [ 'C:\\Program Files\\nodejs\\node.exe',
1 verbose cli   'C:\\Program Files\\nodejs\\node_modules\\npm\\bin\\npm-cli.js',
1 verbose cli   'install',
1 verbose cli   'extract-text-webpack-plugin',
1 verbose cli   '–save-dev' ]
2 info using npm@3.10.9
3 info using node@v6.9.2
4 silly loadCurrentTree Starting
5 silly install loadCurrentTree
6 silly install readLocalPackageData
7 silly fetchPackageMetaData extract-text-webpack-plugin
8 silly fetchPackageMetaData –save-dev
9 silly fetchNamedPackageData extract-text-webpack-plugin
10 silly mapToRegistry name extract-text-webpack-plugin
11 silly mapToRegistry using default registry
12 silly mapToRegistry registry https://registry.npmjs.org/
13 silly mapToRegistry data Result {
13 silly mapToRegistry   raw: 'extract-text-webpack-plugin',
13 silly mapToRegistry   scope: null,
13 silly mapToRegistry   escapedName: 'extract-text-webpack-plugin',
13 silly mapToRegistry   name: 'extract-text-webpack-plugin',
13 silly mapToRegistry   rawSpec: '',
13 silly mapToRegistry   spec: 'latest',
13 silly mapToRegistry   type: 'tag' }
14 silly mapToRegistry uri https://registry.npmjs.org/extract-text-webpack-plugin
15 silly fetchOtherPackageData –save-dev
16 silly cache add args [ '–save-dev', null ]
17 verbose cache add spec –save-dev
18 silly cache add parsed spec Result {
18 silly cache add   raw: '–save-dev',
18 silly cache add   scope: null,
18 silly cache add   escapedName: null,
18 silly cache add   name: null,
18 silly cache add   rawSpec: '–save-dev',
18 silly cache add   spec: 'C:\\Users\\sai\\Documents\\angular2webpack\\–save-dev',
18 silly cache add   type: 'local' }
19 error addLocal Could not install C:\Users\sai\Documents\angular2webpack\–save-dev
20 silly fetchPackageMetaData Error: ENOENT: no such file or directory, open 'C:\Users\sai\Documents\angular2webpack\–save-dev'
20 silly fetchPackageMetaData     at Error (native)
20 silly fetchPackageMetaData  error for –save-dev { Error: ENOENT: no such file or directory, open 'C:\Users\sai\Documents\angular2webpack\–save-dev'
20 silly fetchPackageMetaData     at Error (native)
20 silly fetchPackageMetaData   errno: -4058,
20 silly fetchPackageMetaData   code: 'ENOENT',
20 silly fetchPackageMetaData   syscall: 'open',
20 silly fetchPackageMetaData   path: 'C:\\Users\\sai\\Documents\\angular2webpack\\–save-dev' }
21 verbose request uri https://registry.npmjs.org/extract-text-webpack-plugin
22 verbose request no auth needed
23 info attempt registry request try #1 at 18:19:16
24 verbose request id 187bd0268afaeee6
25 verbose etag W/"58458cbd-c6c1"
26 verbose lastModified Mon, 05 Dec 2016 15:50:21 GMT
27 http request GET https://registry.npmjs.org/extract-text-webpack-plugin
28 info retry will retry, error on last attempt: TypeError: The header content contains invalid characters
29 info attempt registry request try #2 at 18:19:26
30 verbose etag W/"58458cbd-c6c1"
31 verbose lastModified Mon, 05 Dec 2016 15:50:21 GMT
32 http request GET https://registry.npmjs.org/extract-text-webpack-plugin
33 info retry will retry, error on last attempt: TypeError: The header content contains invalid characters
34 info attempt registry request try #3 at 18:20:26
35 verbose etag W/"58458cbd-c6c1"
36 verbose lastModified Mon, 05 Dec 2016 15:50:21 GMT
37 http request GET https://registry.npmjs.org/extract-text-webpack-plugin
38 silly get cb [ 304, undefined ]
39 verbose etag https://registry.npmjs.org/extract-text-webpack-plugin from cache
40 verbose get saving extract-text-webpack-plugin to C:\Users\sai\AppData\Roaming\npm-cache\registry.npmjs.org\extract-text-webpack-plugin\.cache.json
41 verbose correctMkdir C:\Users\sai\AppData\Roaming\npm-cache correctMkdir not in flight; initializing
42 silly rollbackFailedOptional Starting
43 silly rollbackFailedOptional Finishing
44 silly runTopLevelLifecycles Finishing
45 silly install printInstalled
46 verbose stack Error: ENOENT: no such file or directory, open 'C:\Users\sai\Documents\angular2webpack\–save-dev'
46 verbose stack     at Error (native)
47 verbose cwd C:\Users\sai\Documents\angular2webpack
48 error Windows_NT 6.3.9600
49 error argv "C:\\Program Files\\nodejs\\node.exe" "C:\\Program Files\\nodejs\\node_modules\\npm\\bin\\npm-cli.js" "install" "extract-text-webpack-plugin" "–save-dev"
50 error node v6.9.2
51 error npm  v3.10.9
52 error path C:\Users\sai\Documents\angular2webpack\–save-dev
53 error code ENOENT
54 error errno -4058
55 error syscall open
56 error enoent ENOENT: no such file or directory, open 'C:\Users\sai\Documents\angular2webpack\–save-dev'
57 error enoent ENOENT: no such file or directory, open 'C:\Users\sai\Documents\angular2webpack\–save-dev'
57 error enoent This is most likely not a problem with npm itself
57 error enoent and is related to npm not being able to find a file.
58 verbose exit [ -4058, true ]
